<?xml version="1.0" encoding="UTF-8"?>
<testsuite xmlns:xsi="http://www.w3.org/2001/XMLSchema-instance" xsi:noNamespaceSchemaLocation="https://maven.apache.org/surefire/maven-surefire-plugin/xsd/surefire-test-report-3.0.xsd" version="3.0" name="com.javatechiue.aws.SpringbootDynamodbExampleApplicationTests" time="5.366" tests="1" errors="0" skipped="0" failures="0">
  <properties>
[...]
</properties>
  <testcase name="contextLoads" classname="com.javatechiue.aws.SpringbootDynamodbExampleApplicationTests" time="1.459">
    <system-out><![CDATA[Standard Commons Logging discovery in action with spring-jcl: please remove commons-logging.jar from classpath in order to avoid potential conflicts
13:07:30.042 [main] INFO org.springframework.test.context.support.AnnotationConfigContextLoaderUtils -- Could not detect default configuration classes for test class [com.javatechiue.aws.SpringbootDynamodbExampleApplicationTests]: SpringbootDynamodbExampleApplicationTests does not declare any static, non-private, non-final, nested classes annotated with @Configuration.
13:07:30.228 [main] INFO org.springframework.boot.test.context.SpringBootTestContextBootstrapper -- Found @SpringBootConfiguration com.javatechiue.aws.SpringbootDynamodbExampleApplication for test class com.javatechiue.aws.SpringbootDynamodbExampleApplicationTests

  .   ____          _            __ _ _
 /\\ / ___'_ __ _ _(_)_ __  __ _ \ \ \ \
( ( )\___ | '_ | '_| | '_ \/ _` | \ \ \ \
 \\/  ___)| |_)| | | | | || (_| |  ) ) ) )
  '  |____| .__|_| |_|_| |_\__, | / / / /
 =========|_|==============|___/=/_/_/_/
 :: Spring Boot ::                (v3.1.2)

2023-08-12T13:07:30.947-05:00  INFO 16560 --- [           main] pringbootDynamodbExampleApplicationTests : Starting SpringbootDynamodbExampleApplicationTests using Java 17.0.8 with PID 16560 (started by satis in C:\SatishC\AwsJava\aws-dynamodb-curd\springboot-dynamodb-example-master)
2023-08-12T13:07:30.950-05:00  INFO 16560 --- [           main] pringbootDynamodbExampleApplicationTests : No active profile set, falling back to 1 default profile: "default"
2023-08-12T13:07:33.638-05:00  INFO 16560 --- [           main] pringbootDynamodbExampleApplicationTests : Started SpringbootDynamodbExampleApplicationTests in 3.167 seconds (process running for 4.846)
]]></system-out>
  </testcase>
</testsuite>